Arguments: 
  D:\Develop\nodejs\node.exe D:\Develop\nodejs\node_global\node_modules\yarn\bin\yarn.js init

PATH: 
  C:\Program Files\Java\jdk-11.0.16.1\bin;C:\Windows\system32;C:\Windows;C:\Windows\System32\Wbem;C:\Windows\System32\WindowsPowerShell\v1.0\;C:\Windows\System32\OpenSSH\;C:\Program Files (x86)\NVIDIA Corporation\PhysX\Common;C:\Program Files\NVIDIA Corporation\NVIDIA NvDLISR;C:\Program Files\OpenVPN\bin;D:\Program Files\Git\cmd;D:\Program Files\nodejs\node_global;C:\Program Files (x86)\NetSarang\Xshell 7\;C:\WINDOWS\system32;C:\WINDOWS;C:\WINDOWS\System32\Wbem;C:\WINDOWS\System32\WindowsPowerShell\v1.0\;C:\WINDOWS\System32\OpenSSH\;C:\Program Files\Docker\Docker\resources\bin;C:\ProgramData\DockerDesktop\version-bin;D:\Develop\nodejs\;D:\apache\apache-maven-3.8.6\bin;C:\Program Files\OpenSSL-Win64\bin;;C:\Program Files (x86)\Tencent\微信web开发者工具\dll;C:\Users\hailerwang\AppData\Local\Microsoft\WindowsApps;D:\Program Files\JetBrains\PhpStorm 2018.3.6\bin;;C:\Users\hailerwang\AppData\Roaming\npm;D:\Develop\nodejs\node_global;;C:\Users\hailerwang\AppData\Local\Programs\Microsoft VS Code\bin

Yarn version: 
  1.22.19

Node version: 
  16.16.0

Platform: 
  win32 x64

Trace: 
  Error: canceled
      at Interface.<anonymous> (D:\Develop\nodejs\node_global\node_modules\yarn\lib\cli.js:137150:13)
      at Interface.emit (node:events:527:28)
      at Interface._ttyWrite (node:readline:1081:16)
      at ReadStream.onkeypress (node:readline:288:10)
      at ReadStream.emit (node:events:527:28)
      at emitKeys (node:internal/readline/utils:358:14)
      at emitKeys.next (<anonymous>)
      at ReadStream.onData (node:internal/readline/emitKeypressEvents:61:36)
      at ReadStream.emit (node:events:527:28)
      at addChunk (node:internal/streams/readable:315:12)

npm manifest: 
  No manifest

yarn manifest: 
  No manifest

Lockfile: 
  No lockfile
